<?xml version="1.0" encoding="UTF-8"?>
<!-- Generated by org.testng.reporters.JUnitXMLReporter -->
<testsuite ignored="0" hostname="DESKTOP-03O7N3O" failures="0" tests="4" name="Command line test" time="0.051" errors="0" timestamp="2023-05-30T18:07:08 IST">
  <testcase classname="example1.Sample1Test" name="test1" time="0.005"/>
  <testcase classname="example1.Sample2Test" name="test2" time="0.001"/>
  <testcase classname="example2.Sample3Test" name="test3" time="0.0"/>
  <testcase classname="example2.Sample4Test" name="test4" time="0.0"/>
</testsuite> <!-- Command line test -->
