<?xml version="1.0" encoding="UTF-8"?>
<testng-results ignored="0" total="4" passed="4" failed="0" skipped="0">
  <reporter-output>
  </reporter-output>
  <suite started-at="2023-05-30T18:07:08 IST" name="Command line suite" finished-at="2023-05-30T18:07:08 IST" duration-ms="51">
    <groups>
    </groups>
    <test started-at="2023-05-30T18:07:08 IST" name="Command line test" finished-at="2023-05-30T18:07:08 IST" duration-ms="51">
      <class name="example2.Sample4Test">
        <test-method signature="test4()[pri:0, instance:example2.Sample4Test@2ea6137]" started-at="2023-05-30T18:07:08 IST" name="test4" finished-at="2023-05-30T18:07:08 IST" duration-ms="0" status="PASS">
          <reporter-output>
          </reporter-output>
        </test-method> <!-- test4 -->
      </class> <!-- example2.Sample4Test -->
      <class name="example1.Sample2Test">
        <test-method signature="test2()[pri:0, instance:example1.Sample2Test@2d2e5f00]" started-at="2023-05-30T18:07:08 IST" name="test2" finished-at="2023-05-30T18:07:08 IST" duration-ms="1" status="PASS">
          <reporter-output>
          </reporter-output>
        </test-method> <!-- test2 -->
      </class> <!-- example1.Sample2Test -->
      <class name="example1.Sample1Test">
        <test-method signature="test1()[pri:0, instance:example1.Sample1Test@448ff1a8]" started-at="2023-05-30T18:07:08 IST" name="test1" finished-at="2023-05-30T18:07:08 IST" duration-ms="5" status="PASS">
          <reporter-output>
          </reporter-output>
        </test-method> <!-- test1 -->
      </class> <!-- example1.Sample1Test -->
      <class name="example2.Sample3Test">
        <test-method signature="test3()[pri:0, instance:example2.Sample3Test@4c40b76e]" started-at="2023-05-30T18:07:08 IST" name="test3" finished-at="2023-05-30T18:07:08 IST" duration-ms="0" status="PASS">
          <reporter-output>
          </reporter-output>
        </test-method> <!-- test3 -->
      </class> <!-- example2.Sample3Test -->
    </test> <!-- Command line test -->
  </suite> <!-- Command line suite -->
</testng-results>
